Start testing: Jan 14 14:54 中国标准时间
----------------------------------------------------------
Unable to find executable: test_layers_NOT_BUILT
1/1 Testing: test_layers_NOT_BUILT
1/1 Test: test_layers_NOT_BUILT
Command: ""
Directory: D:/wlan_prj/wlan_dev/code_wlan/wlan_mac/build/test
"test_layers_NOT_BUILT" start time: 
Output:
----------------------------------------------------------
<end of output>
Test time =   0.00 sec
----------------------------------------------------------
Test Passed.
"test_layers_NOT_BUILT" end time: Jan 14 14:54 中国标准时间
"test_layers_NOT_BUILT" time elapsed: 00:00:00
----------------------------------------------------------

End testing: Jan 14 14:54 中国标准时间
